#
#
#   Plasma Parameters
#    electron and ion temp [keV]:   0.1000D-01   0.1000D-01
#    number density nb   [cm^-3]:   0.5979D+23   0.5979D+23
#    mass array mb         [amu]:   0.5486D-03   0.2518D+01
#    mass array mb         [keV]:   0.5110D+03   0.2346D+07
#    charge array zb            :  -0.1000D+01   0.1000D+01
#
#
#   Projectile Parameters
#    charge      :   0.2000D+01
#    mass   [amu]:   0.4029D+01
#    mass   [keV]:   0.3753D+07
#    energy [keV]:   0.4000D+04
#  ne[cm^-3]    Te[keV]    Ti[keV]        ge       gi          etae         ze/2**1.5
#  0.5979D+23  0.1000D-01  0.1000D-01  0.1498D+01  0.1498D+01  0.1650D+01  0.1107D+00
# ab  =  0.5446E+02  0.2500E+06
# etab=  0.3160E+00  0.3160E+00
#    j    E_p [keV]       dedx_tot [MeV/mu-m]   dedx_i                dedx_e
    10   0.13333333E+03   0.6843061041266E-02   0.2885932751466E-03   0.6554467766119E-02
    11   0.14666667E+03   0.2091356906516E-01   0.2654945510902E-03   0.2064807451407E-01
    12   0.16000000E+03   0.3388662950643E-01   0.2459864309513E-03   0.3364064307547E-01
    13   0.17333333E+03   0.4553758599080E-01   0.2292791791957E-03   0.4530830681160E-01
    14   0.18666667E+03   0.5583405151057E-01   0.2148058896197E-03   0.5561924562095E-01
    15   0.20000000E+03   0.6484518808105E-01   0.2021236133719E-03   0.6464306446767E-01
    16   0.21333333E+03   0.7267782842416E-01   0.1909219645285E-03   0.7248690645963E-01
    17   0.22666667E+03   0.7944692982945E-01   0.1809514449978E-03   0.7926597838445E-01
    18   0.24000000E+03   0.8526413960139E-01   0.1720164491612E-03   0.8509212315223E-01
    19   0.25333333E+03   0.9023426392067E-01   0.1639605947497E-03   0.9007030332592E-01
    20   0.26666667E+03   0.9445405518960E-01   0.1566582824520E-03   0.9429739690715E-01
    21   0.28000000E+03   0.9801213019281E-01   0.1500063619337E-03   0.9786212383087E-01
    22   0.29333333E+03   0.1009889581043E+00   0.1439204491168E-03   0.1008450376552E+00
    23   0.30666667E+03   0.1034571806221E+00   0.1383298682330E-03   0.1033188507538E+00
    24   0.32000000E+03   0.1054819079229E+00   0.1331754733773E-03   0.1053487324495E+00
    25   0.33333333E+03   0.1071210992040E+00   0.1284072586094E-03   0.1069926919454E+00
    26   0.34666667E+03   0.1088355076421E+00   0.1239827976630E-03   0.1087115248444E+00
    27   0.36000000E+03   0.1099230268757E+00   0.1198653654837E-03   0.1098031615102E+00
    28   0.37333333E+03   0.1107257029811E+00   0.1160236334236E-03   0.1106096793477E+00
    29   0.38666667E+03   0.1112815697613E+00   0.1124303848278E-03   0.1111691393764E+00
    30   0.40000000E+03   0.1116238459107E+00   0.1090617865841E-03   0.1115147841241E+00
    31   0.41333333E+03   0.1117815082083E+00   0.1058970801048E-03   0.1116756111281E+00
    32   0.42666667E+03   0.1117799474256E+00   0.1029180489386E-03   0.1116770293767E+00
    33   0.44000000E+03   0.1116412343975E+00   0.1001084688489E-03   0.1115411259287E+00
    34   0.45333333E+03   0.1113847365460E+00   0.9745407379557E-04   0.1112872824722E+00
    35   0.46666667E+03   0.1110272860429E+00   0.9494208776387E-04   0.1109323439551E+00
    36   0.48000000E+03   0.1105836021000E+00   0.9256130324991E-04   0.1104910407967E+00
    37   0.49333333E+03   0.1100665094974E+00   0.9030142735946E-04   0.1099762080700E+00
    38   0.50666667E+03   0.1094872195709E+00   0.8815335396933E-04   0.1093990662169E+00
    39   0.52000000E+03   0.1088554636786E+00   0.8610880207912E-04   0.1087693548766E+00
    40   0.53333333E+03   0.1081797433204E+00   0.8416048081039E-04   0.1080955828396E+00
    41   0.54666667E+03   0.1074674519742E+00   0.8230153984181E-04   0.1073851504344E+00
    42   0.56000000E+03   0.1067250447572E+00   0.8052583571000E-04   0.1066445189215E+00
    43   0.57333333E+03   0.1059581132030E+00   0.7882792113044E-04   0.1058792852819E+00
    44   0.58666667E+03   0.1051715314343E+00   0.7720261237971E-04   0.1050943288219E+00
    45   0.60000000E+03   0.1043695292896E+00   0.7564541079033E-04   0.1042938838788E+00
    46   0.61333333E+03   0.1035557952678E+00   0.7415190107982E-04   0.1034816433667E+00
    47   0.62666667E+03   0.1027335061046E+00   0.7271832019103E-04   0.1026607877844E+00
    48   0.64000000E+03   0.1019054359038E+00   0.7134102992048E-04   0.1018340948739E+00
    49   0.65333333E+03   0.1010739731614E+00   0.7001667753676E-04   0.1010039564838E+00
    50   0.66666667E+03   0.1002411885035E+00   0.6874235819121E-04   0.1001724461453E+00
    51   0.68000000E+03   0.9940886148860E-01   0.6751507612407E-04   0.9934134641248E-01
    52   0.69333333E+03   0.9857853752093E-01   0.6633232418550E-04   0.9851220519675E-01
    53   0.70666667E+03   0.9775153331503E-01   0.6519173316324E-04   0.9768634158186E-01
    54   0.72000000E+03   0.9692897931074E-01   0.6409095402590E-04   0.9686488835672E-01
    55   0.73333333E+03   0.9611184741318E-01   0.6302800923769E-04   0.9604881940394E-01
    56   0.74666667E+03   0.9530095201511E-01   0.6200085993639E-04   0.9523895115518E-01
    57   0.76000000E+03   0.9449699450998E-01   0.6100774819564E-04   0.9443598676178E-01
    58   0.77333333E+03   0.9370055696257E-01   0.6004705291121E-04   0.9364050990966E-01
    59   0.78666667E+03   0.9291212606103E-01   0.5911705130013E-04   0.9285300900973E-01
    60   0.80000000E+03   0.9213210817313E-01   0.5821634648169E-04   0.9207389182664E-01
    61   0.81333333E+03   0.9136082955683E-01   0.5734359855202E-04   0.9130348595828E-01
    62   0.82666667E+03   0.9059855764996E-01   0.5649742045527E-04   0.9054206022950E-01
    63   0.84000000E+03   0.8984550024694E-01   0.5567668701271E-04   0.8978982355993E-01
    64   0.85333333E+03   0.8910181615842E-01   0.5488016604634E-04   0.8904693599238E-01
    65   0.86666667E+03   0.8836762375209E-01   0.5410683116648E-04   0.8831351692092E-01
    66   0.88000000E+03   0.8764300138526E-01   0.5335574199247E-04   0.8758964564327E-01
    67   0.89333333E+03   0.8692799501514E-01   0.5262579332216E-04   0.8687536922182E-01
    68   0.90666667E+03   0.8622262461211E-01   0.5191616808533E-04   0.8617070844403E-01
    69   0.92000000E+03   0.8552688439503E-01   0.5122601771429E-04   0.8547565837732E-01
    70   0.93333333E+03   0.8484074659868E-01   0.5055458369064E-04   0.8479019201499E-01
    71   0.94666667E+03   0.8416416627830E-01   0.4990101674680E-04   0.8411426526156E-01
    72   0.96000000E+03   0.8349708267285E-01   0.4926464887216E-04   0.8344781802398E-01
    73   0.97333333E+03   0.8283942079745E-01   0.4864484059854E-04   0.8279077595686E-01
    74   0.98666667E+03   0.8219109584717E-01   0.4804086459235E-04   0.8214305498257E-01
    75   0.10000000E+04   0.8155201060032E-01   0.4745215550074E-04   0.8150455844482E-01
    76   0.10133333E+04   0.8092206261543E-01   0.4687813417744E-04   0.8087518448125E-01
    77   0.10266667E+04   0.8030114064296E-01   0.4631831656231E-04   0.8025482232639E-01
    78   0.10400000E+04   0.7968912774270E-01   0.4577204073119E-04   0.7964335570197E-01
    79   0.10533333E+04   0.7908590350288E-01   0.4523888386799E-04   0.7904066461901E-01
    80   0.10666667E+04   0.7849134236295E-01   0.4471837297669E-04   0.7844662398997E-01
    81   0.10800000E+04   0.7790531696580E-01   0.4421005770861E-04   0.7786110690809E-01
    82   0.10933333E+04   0.7732769735909E-01   0.4371354895411E-04   0.7728398381013E-01
    83   0.11066667E+04   0.7675835139390E-01   0.4322835359497E-04   0.7671512304030E-01
    84   0.11200000E+04   0.7619714646669E-01   0.4275412613980E-04   0.7615439234055E-01
    85   0.11333333E+04   0.7564394955868E-01   0.4229053401894E-04   0.7560165902466E-01
    86   0.11466667E+04   0.7509862707852E-01   0.4183713248054E-04   0.7505678994604E-01
    87   0.11600000E+04   0.7456104514341E-01   0.4139363694356E-04   0.7451965150646E-01
    88   0.11733333E+04   0.7403107055982E-01   0.4095971731114E-04   0.7399011084251E-01
    89   0.11866667E+04   0.7350857237637E-01   0.4053506296939E-04   0.7346803731340E-01
    90   0.12000000E+04   0.7299341781287E-01   0.4011937669596E-04   0.7295329843617E-01
    91   0.12133333E+04   0.7248547746612E-01   0.3971243443053E-04   0.7244576503168E-01
    92   0.12266667E+04   0.7198462277829E-01   0.3931383682783E-04   0.7194530894146E-01
    93   0.12400000E+04   0.7149072650425E-01   0.3892338957419E-04   0.7145180311468E-01
    94   0.12533333E+04   0.7100366257392E-01   0.3854084222560E-04   0.7096512173170E-01
    95   0.12666667E+04   0.7052330746191E-01   0.3816595457094E-04   0.7048514150734E-01
    96   0.12800000E+04   0.7004953866140E-01   0.3779849611186E-04   0.7001174016528E-01
    97   0.12933333E+04   0.6958223617858E-01   0.3743824557420E-04   0.6954479793301E-01
    98   0.13066667E+04   0.6912128127481E-01   0.3708502514315E-04   0.6908419624967E-01
    99   0.13200000E+04   0.6866655801546E-01   0.3673855812275E-04   0.6862981945733E-01
   100   0.13333333E+04   0.6821795156683E-01   0.3639868636630E-04   0.6818155288047E-01
   101   0.13466667E+04   0.6777534991674E-01   0.3606522114305E-04   0.6773928469560E-01
   102   0.13600000E+04   0.6733864281213E-01   0.3573801520670E-04   0.6730290479692E-01
   103   0.13733333E+04   0.6690772158405E-01   0.3541682227948E-04   0.6687230476177E-01
   104   0.13866667E+04   0.6648247939016E-01   0.3510151171227E-04   0.6644737787845E-01
   105   0.14000000E+04   0.6606281335309E-01   0.3479192152461E-04   0.6602802143157E-01
   106   0.14133333E+04   0.6564862028617E-01   0.3448789567122E-04   0.6561413239050E-01
   107   0.14266667E+04   0.6523980019597E-01   0.3418928377119E-04   0.6520561091220E-01
   108   0.14400000E+04   0.6483625520996E-01   0.3389594085203E-04   0.6480235926911E-01
   109   0.14533333E+04   0.6443788926659E-01   0.3360778307967E-04   0.6440428148351E-01
   110   0.14666667E+04   0.6404460776943E-01   0.3332455911386E-04   0.6401128321032E-01
   111   0.14800000E+04   0.6365631783004E-01   0.3304619966385E-04   0.6362327163038E-01
   112   0.14933333E+04   0.6327293036998E-01   0.3277257906631E-04   0.6324015779091E-01
   113   0.15066667E+04   0.6289435598147E-01   0.3250357597914E-04   0.6286185240549E-01
   114   0.15200000E+04   0.6252050850566E-01   0.3223907319642E-04   0.6248826943246E-01
   115   0.15333333E+04   0.6215130285336E-01   0.3197895747278E-04   0.6211932389589E-01
   116   0.15466667E+04   0.6178665567913E-01   0.3172311935667E-04   0.6175493255977E-01
   117   0.15600000E+04   0.6142648588044E-01   0.3147145303204E-04   0.6139501442741E-01
   118   0.15733333E+04   0.6107071419942E-01   0.3122388859096E-04   0.6103949031083E-01
   119   0.15866667E+04   0.6071926271294E-01   0.3098025975740E-04   0.6068828245318E-01
   120   0.16000000E+04   0.6037205509426E-01   0.3074050579336E-04   0.6034131458847E-01
   121   0.16133333E+04   0.6002901646232E-01   0.3050453397959E-04   0.5999851192834E-01
   122   0.16266667E+04   0.5969007428826E-01   0.3027225455130E-04   0.5965980203370E-01
   123   0.16400000E+04   0.5935515691744E-01   0.3004361334472E-04   0.5932511330410E-01
   124   0.16533333E+04   0.5902419412298E-01   0.2981845826933E-04   0.5899437566471E-01
   125   0.16666667E+04   0.5869711790724E-01   0.2959674303343E-04   0.5866752116420E-01
   126   0.16800000E+04   0.5837386121341E-01   0.2937838855953E-04   0.5834448282486E-01
   127   0.16933333E+04   0.5805435818647E-01   0.2916331819146E-04   0.5802519486828E-01
   128   0.17066667E+04   0.5773854514719E-01   0.2895145760198E-04   0.5770959368959E-01
   129   0.17200000E+04   0.5742635907332E-01   0.2874273470461E-04   0.5739761633861E-01
   130   0.17333333E+04   0.5711773828505E-01   0.2853707956940E-04   0.5708920120548E-01
   131   0.17466667E+04   0.5681262309559E-01   0.2833442434252E-04   0.5678428867124E-01
   132   0.17600000E+04   0.5651095434802E-01   0.2813470316941E-04   0.5648281964485E-01
   133   0.17733333E+04   0.5621267433126E-01   0.2793790330762E-04   0.5618473642795E-01
   134   0.17866667E+04   0.5591772693001E-01   0.2774385689845E-04   0.5588998307311E-01
   135   0.18000000E+04   0.5562605673873E-01   0.2755255848039E-04   0.5559850418025E-01
   136   0.18133333E+04   0.5533761002085E-01   0.2736394947872E-04   0.5531024607138E-01
   137   0.18266667E+04   0.5505233294201E-01   0.2717797298236E-04   0.5502515496903E-01
   138   0.18400000E+04   0.5476991270612E-01   0.2699457368490E-04   0.5474291813243E-01
   139   0.18533333E+04   0.5448984935674E-01   0.2681369782824E-04   0.5446303565891E-01
   140   0.18666667E+04   0.5421285417233E-01   0.2663529314848E-04   0.5418621887918E-01
   141   0.18800000E+04   0.5393886399832E-01   0.2645930882419E-04   0.5391240468949E-01
   142   0.18933333E+04   0.5366777310394E-01   0.2628569542670E-04   0.5364148740851E-01
   143   0.19066667E+04   0.5339959267286E-01   0.2611440487254E-04   0.5337347826799E-01
   144   0.19200000E+04   0.5313429010111E-01   0.2594539037776E-04   0.5310834471073E-01
   145   0.19333333E+04   0.5287177822245E-01   0.2577863622869E-04   0.5284599958622E-01
   146   0.19466667E+04   0.5261197031731E-01   0.2561403664664E-04   0.5258635628066E-01
   147   0.19600000E+04   0.5235490839595E-01   0.2545158025106E-04   0.5232945681570E-01
   148   0.19733333E+04   0.5210050843167E-01   0.2529122502876E-04   0.5207521720664E-01
   149   0.19866667E+04   0.5184868609817E-01   0.2513293006429E-04   0.5182355316811E-01
   150   0.20000000E+04   0.5159955555955E-01   0.2497665550414E-04   0.5157457890405E-01
   151   0.20133333E+04   0.5135289457636E-01   0.2482236252238E-04   0.5132807221384E-01
   152   0.20266667E+04   0.5110873535113E-01   0.2467004316253E-04   0.5108406530797E-01
   153   0.20400000E+04   0.5086710800414E-01   0.2451959905534E-04   0.5084258840508E-01
   154   0.20533333E+04   0.5062790589459E-01   0.2437102599084E-04   0.5060353486860E-01
   155   0.20666667E+04   0.5039109222242E-01   0.2422428892962E-04   0.5036686793349E-01
   156   0.20800000E+04   0.5015663183923E-01   0.2407935115696E-04   0.5013255248808E-01
   157   0.20933333E+04   0.4992448875116E-01   0.2393618440113E-04   0.4990055256676E-01
   158   0.21066667E+04   0.4969462877601E-01   0.2379475366996E-04   0.4967083402234E-01
   159   0.21200000E+04   0.4946701789344E-01   0.2365502726370E-04   0.4944336286618E-01
   160   0.21333333E+04   0.4924162369869E-01   0.2351697425431E-04   0.4921810672443E-01
   161   0.21466667E+04   0.4901841277084E-01   0.2338056446200E-04   0.4899503220637E-01
   162   0.21600000E+04   0.4879742084457E-01   0.2324576843269E-04   0.4877417507613E-01
   163   0.21733333E+04   0.4857854927458E-01   0.2311255741617E-04   0.4855543671717E-01
   164   0.21866667E+04   0.4836169959330E-01   0.2298090334516E-04   0.4833871868995E-01
   165   0.22000000E+04   0.4814701635767E-01   0.2285077881503E-04   0.4812416557886E-01
   166   0.22133333E+04   0.4792852070263E-01   0.2272215706433E-04   0.4790579854557E-01
   167   0.22266667E+04   0.4771788786168E-01   0.2259505561736E-04   0.4769529280606E-01
   168   0.22400000E+04   0.4750922629695E-01   0.2246935927183E-04   0.4748675693768E-01
   169   0.22533333E+04   0.4730254873771E-01   0.2234508921926E-04   0.4728020364849E-01
   170   0.22666667E+04   0.4709774772940E-01   0.2222222108245E-04   0.4707552550832E-01
   171   0.22800000E+04   0.4689483635736E-01   0.2210073103983E-04   0.4687273562632E-01
   172   0.22933333E+04   0.4669382774264E-01   0.2198059580962E-04   0.4667184714683E-01
   173   0.23066667E+04   0.4649468173622E-01   0.2186179263463E-04   0.4647281994359E-01
   174   0.23200000E+04   0.4629732180590E-01   0.2174429926743E-04   0.4627557750663E-01
   175   0.23333333E+04   0.4610170935009E-01   0.2162809395615E-04   0.4608008125614E-01
   176   0.23466667E+04   0.4590796262639E-01   0.2151315543068E-04   0.4588644947096E-01
   177   0.23600000E+04   0.4571585097243E-01   0.2139946288935E-04   0.4569445150954E-01
   178   0.23733333E+04   0.4552555618572E-01   0.2128699598606E-04   0.4550426918973E-01
   179   0.23866667E+04   0.4533691441151E-01   0.2117573481783E-04   0.4531573867669E-01
   180   0.24000000E+04   0.4514991508910E-01   0.2106565991274E-04   0.4512884942919E-01
   181   0.24133333E+04   0.4496458725669E-01   0.2095675221828E-04   0.4494363050447E-01
   182   0.24266667E+04   0.4478085832915E-01   0.2084899309007E-04   0.4476000933606E-01
   183   0.24400000E+04   0.4459875669906E-01   0.2074239075642E-04   0.4457801430831E-01
   184   0.24533333E+04   0.4441833768697E-01   0.2063687310600E-04   0.4439770081386E-01
   185   0.24666667E+04   0.4423935212156E-01   0.2053245049283E-04   0.4421881967107E-01
   186   0.24800000E+04   0.4406193157932E-01   0.2042910579640E-04   0.4404150247352E-01
   187   0.24933333E+04   0.4388613120423E-01   0.2032682225326E-04   0.4386580438198E-01
   188   0.25066667E+04   0.4371170471147E-01   0.2022558344772E-04   0.4369147912802E-01
   189   0.25200000E+04   0.4353888387202E-01   0.2012537330285E-04   0.4351875849871E-01
   190   0.25333333E+04   0.4336742408548E-01   0.2002617607177E-04   0.4334739790940E-01
   191   0.25466667E+04   0.4319750630051E-01   0.1992797632913E-04   0.4317757832418E-01
   192   0.25600000E+04   0.4302894987941E-01   0.1983075896299E-04   0.4300911912045E-01
   193   0.25733333E+04   0.4286179960046E-01   0.1973453566298E-04   0.4284206506480E-01
   194   0.25866667E+04   0.4269609817600E-01   0.1963923769728E-04   0.4267645893830E-01
   195   0.26000000E+04   0.4253166916781E-01   0.1954487863030E-04   0.4251212428918E-01
   196   0.26133333E+04   0.4236869103721E-01   0.1945144452395E-04   0.4234923959268E-01
   197   0.26266667E+04   0.4220698774014E-01   0.1935892171619E-04   0.4218762881842E-01
   198   0.26400000E+04   0.4204666511336E-01   0.1926729681423E-04   0.4202739781655E-01
   199   0.26533333E+04   0.4188758456814E-01   0.1917655668788E-04   0.4186840801145E-01
   200   0.26666667E+04   0.4172985105885E-01   0.1908668846313E-04   0.4171076437039E-01
   201   0.26800000E+04   0.4157338885984E-01   0.1899767951591E-04   0.4155439118033E-01
   202   0.26933333E+04   0.4141818156972E-01   0.1890951746603E-04   0.4139927205225E-01
   203   0.27066667E+04   0.4126421446258E-01   0.1882219017128E-04   0.4124539227241E-01
   204   0.27200000E+04   0.4111147182787E-01   0.1873568572175E-04   0.4109273614215E-01
   205   0.27333333E+04   0.4095993940011E-01   0.1864999243423E-04   0.4094128940768E-01
   206   0.27466667E+04   0.4080960184454E-01   0.1856509884688E-04   0.4079103674569E-01
   207   0.27600000E+04   0.4066044572961E-01   0.1848099371394E-04   0.4064196473590E-01
   208   0.27733333E+04   0.4051245612110E-01   0.1839766600068E-04   0.4049405845510E-01
   209   0.27866667E+04   0.4036561970527E-01   0.1831510487843E-04   0.4034730460039E-01
   210   0.28000000E+04   0.4021992217908E-01   0.1823329971977E-04   0.4020168887936E-01
   211   0.28133333E+04   0.4007535066990E-01   0.1815224009389E-04   0.4005719842981E-01
   212   0.28266667E+04   0.3993194994790E-01   0.1807191576201E-04   0.3991387803214E-01
   213   0.28400000E+04   0.3978959009227E-01   0.1799231667299E-04   0.3977159777560E-01
   214   0.28533333E+04   0.3964837539405E-01   0.1791347232512E-04   0.3963046192172E-01
   215   0.28666667E+04   0.3950817554908E-01   0.1783529263994E-04   0.3949034025644E-01
   216   0.28800000E+04   0.3936903712521E-01   0.1775780919622E-04   0.3935127931602E-01
   217   0.28933333E+04   0.3923104117725E-01   0.1768101264877E-04   0.3921336016460E-01
   218   0.29066667E+04   0.3909398907064E-01   0.1760489381982E-04   0.3907638417683E-01
   219   0.29200000E+04   0.3895801955163E-01   0.1752944369527E-04   0.3894049010793E-01
   220   0.29333333E+04   0.3882306372065E-01   0.1745465342099E-04   0.3880560906723E-01
   221   0.29466667E+04   0.3868905196709E-01   0.1738051429936E-04   0.3867167145279E-01
   222   0.29600000E+04   0.3855612248342E-01   0.1730701778574E-04   0.3853881546563E-01
   223   0.29733333E+04   0.3842408023303E-01   0.1723415548516E-04   0.3840684607755E-01
   224   0.29866667E+04   0.3829306389563E-01   0.1716191914901E-04   0.3827590197648E-01
   225   0.30000000E+04   0.3816300485142E-01   0.1709030067186E-04   0.3814591455075E-01
   226   0.30133333E+04   0.3803392612835E-01   0.1701929208838E-04   0.3801690683626E-01
   227   0.30266667E+04   0.3790569278875E-01   0.1694888557027E-04   0.3788874390318E-01
   228   0.30400000E+04   0.3777849891018E-01   0.1687907342335E-04   0.3776161983675E-01
   229   0.30533333E+04   0.3765210679283E-01   0.1680984808469E-04   0.3763529694475E-01
   230   0.30666667E+04   0.3752671099841E-01   0.1674120211977E-04   0.3750996979629E-01
   231   0.30800000E+04   0.3740217646538E-01   0.1667312821983E-04   0.3738550333716E-01
   232   0.30933333E+04   0.3727852796036E-01   0.1660561919912E-04   0.3726192234116E-01
   233   0.31066667E+04   0.3715578923005E-01   0.1653866799241E-04   0.3713925056205E-01
   234   0.31200000E+04   0.3703393890434E-01   0.1647226765237E-04   0.3701746663669E-01
   235   0.31333333E+04   0.3691292371814E-01   0.1640641134720E-04   0.3689651730679E-01
   236   0.31466667E+04   0.3679266695169E-01   0.1634109235816E-04   0.3677632585933E-01
   237   0.31600000E+04   0.3667336093342E-01   0.1627630407728E-04   0.3665708462935E-01
   238   0.31733333E+04   0.3655486222071E-01   0.1621206328405E-04   0.3653865015743E-01
   239   0.31866667E+04   0.3643715156704E-01   0.1614831614368E-04   0.3642100325090E-01
   240   0.32000000E+04   0.3632025339336E-01   0.1608508056244E-04   0.3630416831280E-01
   241   0.32133333E+04   0.3620424693947E-01   0.1602235035190E-04   0.3618822458912E-01
   242   0.32266667E+04   0.3608894792218E-01   0.1596011942355E-04   0.3607298780276E-01
   243   0.32400000E+04   0.3597446894235E-01   0.1589838178680E-04   0.3595857056056E-01
   244   0.32533333E+04   0.3586079039556E-01   0.1583712954967E-04   0.3584495326601E-01
   245   0.32666667E+04   0.3574786079577E-01   0.1577636087901E-04   0.3573208443489E-01
   246   0.32800000E+04   0.3563571541007E-01   0.1571606809589E-04   0.3561999934197E-01
   247   0.32933333E+04   0.3552430318504E-01   0.1565624558216E-04   0.3550864693946E-01
   248   0.33066667E+04   0.3541365971264E-01   0.1559688780824E-04   0.3539806282484E-01
   249   0.33200000E+04   0.3530373333033E-01   0.1553798933133E-04   0.3528819534100E-01
   250   0.33333333E+04   0.3519456082706E-01   0.1547954479372E-04   0.3517908128226E-01
   251   0.33466667E+04   0.3508609092990E-01   0.1542154892113E-04   0.3507066938098E-01
   252   0.33600000E+04   0.3497835957546E-01   0.1536399652109E-04   0.3496299557894E-01
   253   0.33733333E+04   0.3487131602538E-01   0.1530688248135E-04   0.3485600914290E-01
   254   0.33866667E+04   0.3476499678544E-01   0.1525022417365E-04   0.3474974656127E-01
   255   0.34000000E+04   0.3465935123062E-01   0.1519397103263E-04   0.3464415725959E-01
   256   0.34133333E+04   0.3455441588774E-01   0.1513814140912E-04   0.3453927774633E-01
   257   0.34266667E+04   0.3445019417076E-01   0.1508273049569E-04   0.3443511144027E-01
   258   0.34400000E+04   0.3434664668172E-01   0.1502773355773E-04   0.3433161894816E-01
   259   0.34533333E+04   0.3424373567589E-01   0.1497314593212E-04   0.3422876252995E-01
   260   0.34666667E+04   0.3414146492804E-01   0.1491896302587E-04   0.3412654596501E-01
   261   0.34800000E+04   0.3403987018769E-01   0.1486518031480E-04   0.3402500500737E-01
   262   0.34933333E+04   0.3393895602801E-01   0.1481179334225E-04   0.3392414423467E-01
   263   0.35066667E+04   0.3383868397056E-01   0.1475879771781E-04   0.3382392517284E-01
   264   0.35200000E+04   0.3373901585659E-01   0.1470618911613E-04   0.3372430966748E-01
   265   0.35333333E+04   0.3363995675558E-01   0.1465396327566E-04   0.3362530279230E-01
   266   0.35466667E+04   0.3354162645128E-01   0.1460211599751E-04   0.3352702433528E-01
   267   0.35600000E+04   0.3344382920920E-01   0.1455064314431E-04   0.3342927856605E-01
   268   0.35733333E+04   0.3334662320087E-01   0.1449954063902E-04   0.3333212366023E-01
   269   0.35866667E+04   0.3325004402905E-01   0.1444880446390E-04   0.3323559522458E-01
   270   0.36000000E+04   0.3315414833650E-01   0.1439843065940E-04   0.3313974990584E-01
   271   0.36133333E+04   0.3305874238218E-01   0.1434841532311E-04   0.3304439396686E-01
   272   0.36266667E+04   0.3296402936122E-01   0.1429875460874E-04   0.3294973060661E-01
   273   0.36400000E+04   0.3286981593817E-01   0.1424944472508E-04   0.3285556649344E-01
   274   0.36533333E+04   0.3277621153849E-01   0.1420048193507E-04   0.3276201105656E-01
   275   0.36666667E+04   0.3268317925903E-01   0.1415186255476E-04   0.3266902739648E-01
   276   0.36800000E+04   0.3259068280833E-01   0.1410358295244E-04   0.3257657922538E-01
   277   0.36933333E+04   0.3249877838716E-01   0.1405563954766E-04   0.3248472274762E-01
   278   0.37066667E+04   0.3240743062997E-01   0.1400802881036E-04   0.3239342260116E-01
   279   0.37200000E+04   0.3231668522975E-01   0.1396074725994E-04   0.3230272448249E-01
   280   0.37333333E+04   0.3222640347532E-01   0.1391379146447E-04   0.3221248968385E-01
   281   0.37466667E+04   0.3213669369752E-01   0.1386715803976E-04   0.3212282653948E-01
   282   0.37600000E+04   0.3204751990104E-01   0.1382084364857E-04   0.3203369905739E-01
   283   0.37733333E+04   0.3195892782438E-01   0.1377484499978E-04   0.3194515297938E-01
   284   0.37866667E+04   0.3187078073600E-01   0.1372915884762E-04   0.3185705157715E-01
   285   0.38000000E+04   0.3178323639405E-01   0.1368381601046E-04   0.3176955257804E-01
   286   0.38133333E+04   0.3169615789687E-01   0.1363874421001E-04   0.3168251915266E-01
   287   0.38266667E+04   0.3160959100889E-01   0.1359397546691E-04   0.3159599703342E-01
   288   0.38400000E+04   0.3152350166535E-01   0.1354950670802E-04   0.3150995215864E-01
   289   0.38533333E+04   0.3143799588521E-01   0.1350533490185E-04   0.3142449055031E-01
   290   0.38666667E+04   0.3135293798133E-01   0.1346145705778E-04   0.3133947652427E-01
   291   0.38800000E+04   0.3126842391667E-01   0.1341787022545E-04   0.3125500604644E-01
   292   0.38933333E+04   0.3118434930947E-01   0.1337457149402E-04   0.3117097473798E-01
   293   0.39066667E+04   0.3110080962809E-01   0.1333155799155E-04   0.3108747807010E-01
   294   0.39200000E+04   0.3101767093341E-01   0.1328882688432E-04   0.3100438210652E-01
   295   0.39333333E+04   0.3093508876778E-01   0.1324637537621E-04   0.3092184239240E-01
   296   0.39466667E+04   0.3085292907068E-01   0.1320420070809E-04   0.3083972486997E-01
   297   0.39600000E+04   0.3077128693773E-01   0.1316230015718E-04   0.3075812463757E-01
   298   0.39733333E+04   0.3069005960881E-01   0.1312067103646E-04   0.3067693893777E-01
   299   0.39866667E+04   0.3060934194547E-01   0.1307931069409E-04   0.3059626263478E-01
   300   0.40000000E+04   0.3052908025268E-01   0.1303821651284E-04   0.3051604203616E-01
