#
#
#   Plasma Parameters
#    electron and ion temp [keV]:   0.1000D-01   0.1000D-01
#    number density nb   [cm^-3]:   0.2391D+24   0.2391D+24
#    mass array mb         [amu]:   0.5486D-03   0.2518D+01
#    mass array mb         [keV]:   0.5110D+03   0.2346D+07
#    charge array zb            :  -0.1000D+01   0.1000D+01
#
#
#   Projectile Parameters
#    charge      :   0.2000D+01
#    mass   [amu]:   0.4029D+01
#    mass   [keV]:   0.3753D+07
#    energy [keV]:   0.4000D+04
#  ne[cm^-3]    Te[keV]    Ti[keV]        ge       gi          etae         ze/2**1.5
#  0.2391D+24  0.1000D-01  0.1000D-01  0.2996D+01  0.2996D+01  0.1650D+01  0.4427D+00
# ab  =  0.5446E+02  0.2500E+06
# etab=  0.3160E+00  0.3160E+00
#    j    E_p [keV]       dedx_tot [MeV/mu-m]   dedx_i                dedx_e
     0   0.10000000E-04   0.1026308083542E+03   0.1013766326169E+03   0.1254175737212E+01
     1   0.13333333E+02  -0.6814179711476E+00   0.7101962760227E-02  -0.6885199339078E+00
     2   0.26666667E+02  -0.8049390994389E+00   0.4067792369743E-02  -0.8090068918086E+00
     3   0.40000000E+02  -0.8171111619309E+00   0.2912653358961E-02  -0.8200238152899E+00
     4   0.53333333E+02  -0.7970133356024E+00   0.2290991329825E-02  -0.7993043269322E+00
     5   0.66666667E+02  -0.7301515892281E+00   0.1898672254640E-02  -0.7320502614828E+00
     6   0.80000000E+02  -0.6133262627126E+00   0.1626943017617E-02  -0.6149532057302E+00
     7   0.93333333E+02  -0.5202530752426E+00   0.1426827317472E-02  -0.5216799025600E+00
     8   0.10666667E+03  -0.4448799887834E+00   0.1272881868144E-02  -0.4461528706516E+00
     9   0.12000000E+03  -0.3739259140103E+00   0.1150526466060E-02  -0.3750764404764E+00
    10   0.13333333E+03  -0.3035868930913E+00   0.1050782244457E-02  -0.3046376753357E+00
    11   0.14666667E+03  -0.2354035075291E+00   0.9678046987359E-03  -0.2363713122278E+00
    12   0.16000000E+03  -0.1714741267997E+00   0.8976200102720E-03  -0.1723717468099E+00
    13   0.17333333E+03  -0.1129328480854E+00   0.8374314427151E-03  -0.1137702795281E+00
    14   0.18666667E+03  -0.6006977807492E-01   0.7852300896700E-03  -0.6085500816459E-01
    15   0.20000000E+03  -0.1271498433822E-01   0.7394338825718E-03  -0.1345441822079E-01
    16   0.21333333E+03   0.2949102244855E-01   0.6989435728564E-03   0.2879207887569E-01
    17   0.22666667E+03   0.6696831789318E-01   0.6628699820808E-03   0.6630544791110E-01
    18   0.24000000E+03   0.1001439715179E+00   0.6305153208219E-03   0.9951345619706E-01
    19   0.25333333E+03   0.1294321596815E+00   0.6013208755709E-03   0.1288308388059E+00
    20   0.26666667E+03   0.1552250658254E+00   0.5748377015365E-03   0.1546502281238E+00
    21   0.28000000E+03   0.1778894113391E+00   0.5506964684150E-03   0.1773387148707E+00
    22   0.29333333E+03   0.1977640832696E+00   0.5285950434679E-03   0.1972354882261E+00
    23   0.30666667E+03   0.2151596981249E+00   0.5082799700519E-03   0.2146514181548E+00
    24   0.32000000E+03   0.2303585228476E+00   0.4895390365725E-03   0.2298689838111E+00
    25   0.33333333E+03   0.2436150744033E+00   0.4721926917687E-03   0.2431428817115E+00
    26   0.34666667E+03   0.2567952326388E+00   0.4560885534620E-03   0.2563391440853E+00
    27   0.36000000E+03   0.2671131514062E+00   0.4410944779660E-03   0.2666720569282E+00
    28   0.37333333E+03   0.2759589759031E+00   0.4270977991458E-03   0.2755318781040E+00
    29   0.38666667E+03   0.2835059614627E+00   0.4140005542230E-03   0.2830919609085E+00
    30   0.40000000E+03   0.2899071205110E+00   0.4017168607445E-03   0.2895054036502E+00
    31   0.41333333E+03   0.2952974334859E+00   0.3901719150020E-03   0.2949072615709E+00
    32   0.42666667E+03   0.2997964346150E+00   0.3793000530011E-03   0.2994171345620E+00
    33   0.44000000E+03   0.3035092702821E+00   0.3690427066598E-03   0.3031402275754E+00
    34   0.45333333E+03   0.3065291820066E+00   0.3593483961103E-03   0.3061698336105E+00
    35   0.46666667E+03   0.3089382118483E+00   0.3501709633810E-03   0.3085880408849E+00
    36   0.48000000E+03   0.3108089349644E+00   0.3414699749785E-03   0.3104674649894E+00
    37   0.49333333E+03   0.3122053838492E+00   0.3332081805484E-03   0.3118721756686E+00
    38   0.50666667E+03   0.3131842262179E+00   0.3253526640601E-03   0.3128588735538E+00
    39   0.52000000E+03   0.3137953544634E+00   0.3178734501319E-03   0.3134774810132E+00
    40   0.53333333E+03   0.3140829418214E+00   0.3107442090083E-03   0.3137721976124E+00
    41   0.54666667E+03   0.3140859843824E+00   0.3039400966974E-03   0.3137820442857E+00
    42   0.56000000E+03   0.3138390326089E+00   0.2974388530877E-03   0.3135415937558E+00
    43   0.57333333E+03   0.3133725410064E+00   0.2912207875515E-03   0.3130813202188E+00
    44   0.58666667E+03   0.3127135007456E+00   0.2852670729315E-03   0.3124282336727E+00
    45   0.60000000E+03   0.3118857772939E+00   0.2795614527177E-03   0.3116062158412E+00
    46   0.61333333E+03   0.3109105644350E+00   0.2740878527958E-03   0.3106364765822E+00
    47   0.62666667E+03   0.3098065419522E+00   0.2688326728877E-03   0.3095377092793E+00
    48   0.64000000E+03   0.3085903487158E+00   0.2637826911340E-03   0.3083265660247E+00
    49   0.65333333E+03   0.3072766846373E+00   0.2589257189142E-03   0.3070177589184E+00
    50   0.66666667E+03   0.3058786128965E+00   0.2542512613546E-03   0.3056243616352E+00
    51   0.68000000E+03   0.3044076959816E+00   0.2497483717391E-03   0.3041579476098E+00
    52   0.69333333E+03   0.3028742498862E+00   0.2454079780743E-03   0.3026288419081E+00
    53   0.70666667E+03   0.3012873903670E+00   0.2412214879205E-03   0.3010461688791E+00
    54   0.72000000E+03   0.2996552250157E+00   0.2371803240497E-03   0.2994180446917E+00
    55   0.73333333E+03   0.2979849847882E+00   0.2332773356597E-03   0.2977517074526E+00
    56   0.74666667E+03   0.2962830469624E+00   0.2295050724045E-03   0.2960535418900E+00
    57   0.76000000E+03   0.2945551304917E+00   0.2258571582003E-03   0.2943292733335E+00
    58   0.77333333E+03   0.2928062865495E+00   0.2223277190366E-03   0.2925839588304E+00
    59   0.78666667E+03   0.2910410088770E+00   0.2189104328045E-03   0.2908220984442E+00
    60   0.80000000E+03   0.2892633073382E+00   0.2156002430692E-03   0.2890477070951E+00
    61   0.81333333E+03   0.2874767209822E+00   0.2123922864780E-03   0.2872643286957E+00
    62   0.82666667E+03   0.2856844144093E+00   0.2092814790531E-03   0.2854751329303E+00
    63   0.84000000E+03   0.2838891847582E+00   0.2062637548493E-03   0.2836829210033E+00
    64   0.85333333E+03   0.2820935137774E+00   0.2033345927514E-03   0.2818901791847E+00
    65   0.86666667E+03   0.2802996106497E+00   0.2004902697144E-03   0.2800991203800E+00
    66   0.88000000E+03   0.2785094216762E+00   0.1977273835468E-03   0.2783116942926E+00
    67   0.89333333E+03   0.2767246680268E+00   0.1950418513185E-03   0.2765296261755E+00
    68   0.90666667E+03   0.2749468781149E+00   0.1924307227520E-03   0.2747544473921E+00
    69   0.92000000E+03   0.2731773947210E+00   0.1898909031449E-03   0.2729875038178E+00
    70   0.93333333E+03   0.2714173957553E+00   0.1874196408738E-03   0.2712299761144E+00
    71   0.94666667E+03   0.2696679187198E+00   0.1850138054057E-03   0.2694829049144E+00
    72   0.96000000E+03   0.2679298709945E+00   0.1826709764282E-03   0.2677472000181E+00
    73   0.97333333E+03   0.2662040406666E+00   0.1803888340048E-03   0.2660236518326E+00
    74   0.98666667E+03   0.2644911182613E+00   0.1781646938763E-03   0.2643129535674E+00
    75   0.10000000E+04   0.2627916901579E+00   0.1759965077023E-03   0.2626156936502E+00
    76   0.10133333E+04   0.2611062708925E+00   0.1738821607543E-03   0.2609323887317E+00
    77   0.10266667E+04   0.2594352920567E+00   0.1718199081625E-03   0.2592634721486E+00
    78   0.10400000E+04   0.2577791177785E+00   0.1698072837870E-03   0.2576093104947E+00
    79   0.10533333E+04   0.2561380563878E+00   0.1678427687276E-03   0.2559702136191E+00
    80   0.10666667E+04   0.2545123562944E+00   0.1659246347460E-03   0.2543464316596E+00
    81   0.10800000E+04   0.2529022217969E+00   0.1640512361070E-03   0.2527381705608E+00
    82   0.10933333E+04   0.2513078121170E+00   0.1622211644386E-03   0.2511455909525E+00
    83   0.11066667E+04   0.2497292450649E+00   0.1604325881987E-03   0.2495688124767E+00
    84   0.11200000E+04   0.2481666059340E+00   0.1586842596414E-03   0.2480079216743E+00
    85   0.11333333E+04   0.2466199494506E+00   0.1569749763916E-03   0.2464629744742E+00
    86   0.11466667E+04   0.2450893008147E+00   0.1553030813965E-03   0.2449339977333E+00
    87   0.11600000E+04   0.2435746583807E+00   0.1536675526793E-03   0.2434209908281E+00
    88   0.11733333E+04   0.2420759990320E+00   0.1520671809115E-03   0.2419239318510E+00
    89   0.11866667E+04   0.2405932857468E+00   0.1505008297049E-03   0.2404427849171E+00
    90   0.12000000E+04   0.2391264525808E+00   0.1489674115236E-03   0.2389774851693E+00
    91   0.12133333E+04   0.2376754266726E+00   0.1474661270246E-03   0.2375279605456E+00
    92   0.12266667E+04   0.2362401192240E+00   0.1459954715122E-03   0.2360941237525E+00
    93   0.12400000E+04   0.2348204284051E+00   0.1445547564304E-03   0.2346758736486E+00
    94   0.12533333E+04   0.2334162397731E+00   0.1431430649277E-03   0.2332730967082E+00
    95   0.12666667E+04   0.2320274326610E+00   0.1417595175083E-03   0.2318856731435E+00
    96   0.12800000E+04   0.2306538749248E+00   0.1404032701379E-03   0.2305134716547E+00
    97   0.12933333E+04   0.2292954297221E+00   0.1390735124642E-03   0.2291563562096E+00
    98   0.13066667E+04   0.2279519512317E+00   0.1377696049214E-03   0.2278141816268E+00
    99   0.13200000E+04   0.2266232915553E+00   0.1364905095227E-03   0.2264868010458E+00
   100   0.13333333E+04   0.2253092945691E+00   0.1352356597262E-03   0.2251740589094E+00
   101   0.13466667E+04   0.2240098034303E+00   0.1340043640380E-03   0.2238757990663E+00
   102   0.13600000E+04   0.2227246569159E+00   0.1327960944151E-03   0.2225918608215E+00
   103   0.13733333E+04   0.2214536892758E+00   0.1316099243214E-03   0.2213220793515E+00
   104   0.13866667E+04   0.2201967317256E+00   0.1304453874829E-03   0.2200662863382E+00
   105   0.14000000E+04   0.2189536214912E+00   0.1293018901544E-03   0.2188243196010E+00
   106   0.14133333E+04   0.2177241851764E+00   0.1281788602870E-03   0.2175960063162E+00
   107   0.14266667E+04   0.2165082532118E+00   0.1270757465407E-03   0.2163811774653E+00
   108   0.14400000E+04   0.2153056559788E+00   0.1259920173502E-03   0.2151796639615E+00
   109   0.14533333E+04   0.2141162229615E+00   0.1249273839306E-03   0.2139912955775E+00
   110   0.14666667E+04   0.2129397817331E+00   0.1238808857796E-03   0.2128159008473E+00
   111   0.14800000E+04   0.2117761592775E+00   0.1228522889763E-03   0.2116533069885E+00
   112   0.14933333E+04   0.2106251907282E+00   0.1218411325650E-03   0.2105033495956E+00
   113   0.15066667E+04   0.2094867031251E+00   0.1208469713992E-03   0.2093658561537E+00
   114   0.15200000E+04   0.2083605300243E+00   0.1198693754655E-03   0.2082406606488E+00
   115   0.15333333E+04   0.2072465030628E+00   0.1189079292430E-03   0.2071275951336E+00
   116   0.15466667E+04   0.2061444549221E+00   0.1179622310941E-03   0.2060264926910E+00
   117   0.15600000E+04   0.2050542215781E+00   0.1170318926870E-03   0.2049371896854E+00
   118   0.15733333E+04   0.2039756409486E+00   0.1161166681380E-03   0.2038595242805E+00
   119   0.15866667E+04   0.2029085510823E+00   0.1152159249566E-03   0.2027933351573E+00
   120   0.16000000E+04   0.2018527914220E+00   0.1143294517174E-03   0.2017384619703E+00
   121   0.16133333E+04   0.2008082024083E+00   0.1134569080278E-03   0.2006947455002E+00
   122   0.16266667E+04   0.1997746293015E+00   0.1125979643134E-03   0.1996620313372E+00
   123   0.16400000E+04   0.1987519164567E+00   0.1117524324453E-03   0.1986401640243E+00
   124   0.16533333E+04   0.1977399097149E+00   0.1109197316671E-03   0.1976289899832E+00
   125   0.16666667E+04   0.1967384597780E+00   0.1100997035345E-03   0.1966283600745E+00
   126   0.16800000E+04   0.1957474172167E+00   0.1092920576116E-03   0.1956381251590E+00
   127   0.16933333E+04   0.1947666336667E+00   0.1084965123330E-03   0.1946581371544E+00
   128   0.17066667E+04   0.1937959658718E+00   0.1077127946656E-03   0.1936882530772E+00
   129   0.17200000E+04   0.1928352697475E+00   0.1069406397871E-03   0.1927283291077E+00
   130   0.17333333E+04   0.1918844032557E+00   0.1061797907770E-03   0.1917782234649E+00
   131   0.17466667E+04   0.1909432291341E+00   0.1054299983234E-03   0.1908377991358E+00
   132   0.17600000E+04   0.1900116091647E+00   0.1046910204417E-03   0.1899069181443E+00
   133   0.17733333E+04   0.1890894079532E+00   0.1039628269509E-03   0.1889854451262E+00
   134   0.17866667E+04   0.1881764936388E+00   0.1032447665848E-03   0.1880732488722E+00
   135   0.18000000E+04   0.1872727344566E+00   0.1025368370679E-03   0.1871701976195E+00
   136   0.18133333E+04   0.1863780026742E+00   0.1018388230967E-03   0.1862761638511E+00
   137   0.18266667E+04   0.1854921676220E+00   0.1011505154674E-03   0.1853910171065E+00
   138   0.18400000E+04   0.1846140603292E+00   0.1004717108604E-03   0.1845135886183E+00
   139   0.18533333E+04   0.1837417608178E+00   0.9980221163406E-04   0.1836419586062E+00
   140   0.18666667E+04   0.1828781917680E+00   0.9914182562681E-04   0.1827790499424E+00
   141   0.18800000E+04   0.1820231759274E+00   0.9849036596749E-04   0.1819246855614E+00
   142   0.18933333E+04   0.1811763636159E+00   0.9784765089372E-04   0.1810785159650E+00
   143   0.19066667E+04   0.1803378707623E+00   0.9721350357766E-04   0.1802406572587E+00
   144   0.19200000E+04   0.1795076361673E+00   0.9658775195883E-04   0.1794110484154E+00
   145   0.19333333E+04   0.1786853784731E+00   0.9597034784205E-04   0.1785894081253E+00
   146   0.19466667E+04   0.1778708162645E+00   0.9536088237029E-04   0.1777754553822E+00
   147   0.19600000E+04   0.1770641812644E+00   0.9475932389127E-04   0.1769694219406E+00
   148   0.19733333E+04   0.1762651993267E+00   0.9416551784724E-04   0.1761710338088E+00
   149   0.19866667E+04   0.1754735934433E+00   0.9357931370907E-04   0.1753800141296E+00
   150   0.20000000E+04   0.1746898789602E+00   0.9300056484528E-04   0.1745968783953E+00
   151   0.20133333E+04   0.1739132240541E+00   0.9242912839602E-04   0.1738207949257E+00
   152   0.20266667E+04   0.1731438131664E+00   0.9186498465180E-04   0.1730519481817E+00
   153   0.20400000E+04   0.1723818209549E+00   0.9130775193526E-04   0.1722905132029E+00
   154   0.20533333E+04   0.1716268736259E+00   0.9075742489970E-04   0.1715361162010E+00
   155   0.20666667E+04   0.1708788753870E+00   0.9021387458412E-04   0.1707886615124E+00
   156   0.20800000E+04   0.1701377357342E+00   0.8967696503903E-04   0.1700480587691E+00
   157   0.20933333E+04   0.1694033595054E+00   0.8914659380910E-04   0.1693142129116E+00
   158   0.21066667E+04   0.1686756575495E+00   0.8862263128801E-04   0.1685870349183E+00
   159   0.21200000E+04   0.1679545401660E+00   0.8810496077849E-04   0.1678664352052E+00
   160   0.21333333E+04   0.1672399229568E+00   0.8759346841747E-04   0.1671523294884E+00
   161   0.21466667E+04   0.1665317163362E+00   0.8708804309033E-04   0.1664446282931E+00
   162   0.21600000E+04   0.1658301062517E+00   0.8658857634797E-04   0.1657435176753E+00
   163   0.21733333E+04   0.1651347400755E+00   0.8609496232702E-04   0.1650486451131E+00
   164   0.21866667E+04   0.1644452648674E+00   0.8560709767292E-04   0.1643596577697E+00
   165   0.22000000E+04   0.1637622987933E+00   0.8512488146565E-04   0.1636771739119E+00
   166   0.22133333E+04   0.1630619653686E+00   0.8464821514818E-04   0.1629773171534E+00
   167   0.22266667E+04   0.1623910035690E+00   0.8417717710333E-04   0.1623068263919E+00
   168   0.22400000E+04   0.1617258843795E+00   0.8371131461015E-04   0.1616421730649E+00
   169   0.22533333E+04   0.1610666949745E+00   0.8325072033156E-04   0.1609834442542E+00
   170   0.22666667E+04   0.1604130409399E+00   0.8279530446973E-04   0.1603302456354E+00
   171   0.22800000E+04   0.1597650091931E+00   0.8234497926903E-04   0.1596826642138E+00
   172   0.22933333E+04   0.1591226859902E+00   0.8189965895791E-04   0.1590407863312E+00
   173   0.23066667E+04   0.1584859437262E+00   0.8145925969295E-04   0.1584044844665E+00
   174   0.23200000E+04   0.1578545085050E+00   0.8102369950473E-04   0.1577734848055E+00
   175   0.23333333E+04   0.1572282574162E+00   0.8059289824556E-04   0.1571476645179E+00
   176   0.23466667E+04   0.1566076942702E+00   0.8016677753886E-04   0.1565275274926E+00
   177   0.23600000E+04   0.1559919265020E+00   0.7974526073038E-04   0.1559121812412E+00
   178   0.23733333E+04   0.1553817107101E+00   0.7932827284086E-04   0.1553023824373E+00
   179   0.23866667E+04   0.1547764202269E+00   0.7891574052036E-04   0.1546975044864E+00
   180   0.24000000E+04   0.1541760409218E+00   0.7850759200404E-04   0.1540975333298E+00
   181   0.24133333E+04   0.1535807164388E+00   0.7810375706941E-04   0.1535026126818E+00
   182   0.24266667E+04   0.1529901833242E+00   0.7770416699492E-04   0.1529124791572E+00
   183   0.24400000E+04   0.1524045814476E+00   0.7730886042176E-04   0.1523272725872E+00
   184   0.24533333E+04   0.1518241578186E+00   0.7691755450803E-04   0.1517472402641E+00
   185   0.24666667E+04   0.1512479409231E+00   0.7653029615208E-04   0.1511714106269E+00
   186   0.24800000E+04   0.1506764816970E+00   0.7614702223623E-04   0.1506003346748E+00
   187   0.24933333E+04   0.1501100248193E+00   0.7576767095632E-04   0.1500342571483E+00
   188   0.25066667E+04   0.1495476087409E+00   0.7539218178755E-04   0.1494722165591E+00
   189   0.25200000E+04   0.1489901836366E+00   0.7502049545138E-04   0.1489151631411E+00
   190   0.25333333E+04   0.1484367937097E+00   0.7465255388356E-04   0.1483621411559E+00
   191   0.25466667E+04   0.1478881848863E+00   0.7428830020297E-04   0.1478138965861E+00
   192   0.25600000E+04   0.1473436562860E+00   0.7392767868158E-04   0.1472697286073E+00
   193   0.25733333E+04   0.1468034082430E+00   0.7357074069993E-04   0.1467298375023E+00
   194   0.25866667E+04   0.1462676323904E+00   0.7321721585740E-04   0.1461944151746E+00
   195   0.26000000E+04   0.1457356433327E+00   0.7286716284543E-04   0.1456627761699E+00
   196   0.26133333E+04   0.1452081748570E+00   0.7252053025501E-04   0.1451356543268E+00
   197   0.26266667E+04   0.1446845423242E+00   0.7217726769312E-04   0.1446123650565E+00
   198   0.26400000E+04   0.1441651882234E+00   0.7183732575776E-04   0.1440933508977E+00
   199   0.26533333E+04   0.1436495769574E+00   0.7150065601356E-04   0.1435780763014E+00
   200   0.26666667E+04   0.1431381467260E+00   0.7116721096815E-04   0.1430669795150E+00
   201   0.26800000E+04   0.1426306126431E+00   0.7083694404926E-04   0.1425597756990E+00
   202   0.26933333E+04   0.1421269267629E+00   0.7050980958238E-04   0.1420564169533E+00
   203   0.27066667E+04   0.1416270474937E+00   0.7018576276920E-04   0.1415568617309E+00
   204   0.27200000E+04   0.1411309289655E+00   0.6986475966664E-04   0.1410610642059E+00
   205   0.27333333E+04   0.1406385307578E+00   0.6954675716633E-04   0.1405689840007E+00
   206   0.27466667E+04   0.1401498078495E+00   0.6923171297494E-04   0.1400805761365E+00
   207   0.27600000E+04   0.1396647225172E+00   0.6891958559484E-04   0.1395958029316E+00
   208   0.27733333E+04   0.1391832307189E+00   0.6861033430546E-04   0.1391146203846E+00
   209   0.27866667E+04   0.1387052945943E+00   0.6830391914505E-04   0.1386369906752E+00
   210   0.28000000E+04   0.1382308720327E+00   0.6800030089304E-04   0.1381628717318E+00
   211   0.28133333E+04   0.1377599263586E+00   0.6769944105286E-04   0.1376922269176E+00
   212   0.28266667E+04   0.1372926511884E+00   0.6740130183527E-04   0.1372252498865E+00
   213   0.28400000E+04   0.1368285411012E+00   0.6710584614208E-04   0.1367614352551E+00
   214   0.28533333E+04   0.1363680272575E+00   0.6681319501474E-04   0.1363012140624E+00
   215   0.28666667E+04   0.1359106021760E+00   0.6652299113110E-04   0.1358440791849E+00
   216   0.28800000E+04   0.1354564656095E+00   0.6623536374237E-04   0.1353902302458E+00
   217   0.28933333E+04   0.1350059550100E+00   0.6595027834993E-04   0.1349400047317E+00
   218   0.29066667E+04   0.1345582888292E+00   0.6566770107188E-04   0.1344926211281E+00
   219   0.29200000E+04   0.1341140348047E+00   0.6538759862930E-04   0.1340486472061E+00
   220   0.29333333E+04   0.1336729298592E+00   0.6510993833280E-04   0.1336078199209E+00
   221   0.29466667E+04   0.1332347078444E+00   0.6483468806950E-04   0.1331698731563E+00
   222   0.29600000E+04   0.1327999336028E+00   0.6456181629030E-04   0.1327353717865E+00
   223   0.29733333E+04   0.1323678388442E+00   0.6429129199755E-04   0.1323035475522E+00
   224   0.29866667E+04   0.1319389899318E+00   0.6402308473297E-04   0.1318749668471E+00
   225   0.30000000E+04   0.1315131238239E+00   0.6375716456593E-04   0.1314493666593E+00
   226   0.30133333E+04   0.1310903438671E+00   0.6349350208202E-04   0.1310268503650E+00
   227   0.30266667E+04   0.1306701213479E+00   0.6323206837193E-04   0.1306068892795E+00
   228   0.30400000E+04   0.1302532434198E+00   0.6297283502063E-04   0.1301902705848E+00
   229   0.30533333E+04   0.1298387699377E+00   0.6271577409677E-04   0.1297760541636E+00
   230   0.30666667E+04   0.1294274896169E+00   0.6246085814244E-04   0.1293650287587E+00
   231   0.30800000E+04   0.1290188724987E+00   0.6220806016309E-04   0.1289566644386E+00
   232   0.30933333E+04   0.1286130277598E+00   0.6195735361777E-04   0.1285510704062E+00
   233   0.31066667E+04   0.1282100603232E+00   0.6170871240962E-04   0.1281483516108E+00
   234   0.31200000E+04   0.1278098944753E+00   0.6146211087659E-04   0.1277484323644E+00
   235   0.31333333E+04   0.1274123267560E+00   0.6121752378236E-04   0.1273511092323E+00
   236   0.31466667E+04   0.1270170597240E+00   0.6097492630753E-04   0.1269560847977E+00
   237   0.31600000E+04   0.1266248719714E+00   0.6073429404100E-04   0.1265641376773E+00
   238   0.31733333E+04   0.1262351988500E+00   0.6049569608763E-04   0.1261747031539E+00
   239   0.31866667E+04   0.1258479723437E+00   0.6025891906185E-04   0.1257877134246E+00
   240   0.32000000E+04   0.1254632989564E+00   0.6002403650980E-04   0.1254032749199E+00
   241   0.32133333E+04   0.1250815043212E+00   0.5979102556689E-04   0.1250217132957E+00
   242   0.32266667E+04   0.1247018598360E+00   0.5955986373705E-04   0.1246422999722E+00
   243   0.32400000E+04   0.1243248242941E+00   0.5933052888529E-04   0.1242654937652E+00
   244   0.32533333E+04   0.1239503275304E+00   0.5910299124106E-04   0.1238912245392E+00
   245   0.32666667E+04   0.1235781717187E+00   0.5887724523982E-04   0.1235192944734E+00
   246   0.32800000E+04   0.1232085059130E+00   0.5865326190513E-04   0.1231498526511E+00
   247   0.32933333E+04   0.1228411337562E+00   0.5843102047559E-04   0.1227827027357E+00
   248   0.33066667E+04   0.1224762053458E+00   0.5821050051635E-04   0.1224179948453E+00
   249   0.33200000E+04   0.1221135216373E+00   0.5799168191272E-04   0.1220555299554E+00
   250   0.33333333E+04   0.1217532372704E+00   0.5777454486385E-04   0.1216954627255E+00
   251   0.33466667E+04   0.1213951545181E+00   0.5755906987666E-04   0.1213375954482E+00
   252   0.33600000E+04   0.1210394243744E+00   0.5734523775981E-04   0.1209820791366E+00
   253   0.33733333E+04   0.1206858510191E+00   0.5713302961790E-04   0.1206287179895E+00
   254   0.33866667E+04   0.1203345874962E+00   0.5692251646700E-04   0.1202776649797E+00
   255   0.34000000E+04   0.1199854382161E+00   0.5671349755078E-04   0.1199287247186E+00
   256   0.34133333E+04   0.1196385560890E+00   0.5650604775428E-04   0.1195820500413E+00
   257   0.34266667E+04   0.1192939614676E+00   0.5630014930626E-04   0.1192376613183E+00
   258   0.34400000E+04   0.1189515033528E+00   0.5609578470427E-04   0.1188954075681E+00
   259   0.34533333E+04   0.1186110372571E+00   0.5589293670960E-04   0.1185551443204E+00
   260   0.34666667E+04   0.1182725846708E+00   0.5569158834232E-04   0.1182168930824E+00
   261   0.34800000E+04   0.1179362948853E+00   0.5549172287636E-04   0.1178808031624E+00
   262   0.34933333E+04   0.1176021923906E+00   0.5529332383488E-04   0.1175468990668E+00
   263   0.35066667E+04   0.1172701293760E+00   0.5509637498549E-04   0.1172150330010E+00
   264   0.35200000E+04   0.1169399592170E+00   0.5490086033586E-04   0.1168850583567E+00
   265   0.35333333E+04   0.1166117081114E+00   0.5470676412914E-04   0.1165570013472E+00
   266   0.35466667E+04   0.1162858610249E+00   0.5451407083971E-04   0.1162313469541E+00
   267   0.35600000E+04   0.1159616407632E+00   0.5432276516897E-04   0.1159073179980E+00
   268   0.35733333E+04   0.1156392856700E+00   0.5413283204106E-04   0.1155851528380E+00
   269   0.35866667E+04   0.1153189437300E+00   0.5394425659894E-04   0.1152649994734E+00
   270   0.36000000E+04   0.1150008470052E+00   0.5375702420037E-04   0.1149470899810E+00
   271   0.36133333E+04   0.1146842259415E+00   0.5357112041397E-04   0.1146306548211E+00
   272   0.36266667E+04   0.1143698986498E+00   0.5338653101555E-04   0.1143165121188E+00
   273   0.36400000E+04   0.1140570970406E+00   0.5320324198425E-04   0.1140038937987E+00
   274   0.36533333E+04   0.1137462639916E+00   0.5302123949901E-04   0.1136932427521E+00
   275   0.36666667E+04   0.1134372569902E+00   0.5284050993498E-04   0.1133844164803E+00
   276   0.36800000E+04   0.1131299358973E+00   0.5266103986001E-04   0.1130772748574E+00
   277   0.36933333E+04   0.1128245304697E+00   0.5248281603128E-04   0.1127720476537E+00
   278   0.37066667E+04   0.1125209041279E+00   0.5230582539193E-04   0.1124685983025E+00
   279   0.37200000E+04   0.1122192444563E+00   0.5213005506783E-04   0.1121671144012E+00
   280   0.37333333E+04   0.1119190013541E+00   0.5195549236436E-04   0.1118670458617E+00
   281   0.37466667E+04   0.1116206128209E+00   0.5178212476330E-04   0.1115688306961E+00
   282   0.37600000E+04   0.1113239394855E+00   0.5160993991974E-04   0.1112723295456E+00
   283   0.37733333E+04   0.1110291688467E+00   0.5143892565907E-04   0.1109777299211E+00
   284   0.37866667E+04   0.1107357584592E+00   0.5126906997412E-04   0.1106844893892E+00
   285   0.38000000E+04   0.1104443437734E+00   0.5110049710058E-04   0.1103932432763E+00
   286   0.38133333E+04   0.1101543815388E+00   0.5093291887406E-04   0.1101034486200E+00
   287   0.38266667E+04   0.1098660591086E+00   0.5076646431263E-04   0.1098152926443E+00
   288   0.38400000E+04   0.1095792444595E+00   0.5060112204633E-04   0.1095286433375E+00
   289   0.38533333E+04   0.1092943658445E+00   0.5043688085892E-04   0.1092439289636E+00
   290   0.38666667E+04   0.1090108846344E+00   0.5027372968519E-04   0.1089606109047E+00
   291   0.38800000E+04   0.1087291887441E+00   0.5011165760855E-04   0.1086790770864E+00
   292   0.38933333E+04   0.1084488646537E+00   0.4995065385845E-04   0.1083989139998E+00
   293   0.39066667E+04   0.1081702981891E+00   0.4979070780796E-04   0.1081205074813E+00
   294   0.39200000E+04   0.1078929574927E+00   0.4963180897138E-04   0.1078433256838E+00
   295   0.39333333E+04   0.1076174685798E+00   0.4947394700185E-04   0.1075679946328E+00
   296   0.39466667E+04   0.1073432990022E+00   0.4931711168913E-04   0.1072939818905E+00
   297   0.39600000E+04   0.1070708328851E+00   0.4916129295730E-04   0.1070216715921E+00
   298   0.39733333E+04   0.1067996628807E+00   0.4900648086254E-04   0.1067506563998E+00
   299   0.39866667E+04   0.1065301720783E+00   0.4885266559096E-04   0.1064813194127E+00
   300   0.40000000E+04   0.1062621492924E+00   0.4869983745653E-04   0.1062134494550E+00
